<testsuites id="" name="" tests="1" failures="1" skipped="0" errors="0" time="2.6695">
<testsuite name="deployment-validation.spec.ts" timestamp="2025-08-05T04:52:21.642Z" hostname="chromium" tests="1" failures="1" skipped="0" time="0.01" errors="0">
<testcase name="Deployment Validation Suite › Environment &amp; Configuration › should have required environment variables" classname="deployment-validation.spec.ts" time="0.01">
<failure message="deployment-validation.spec.ts:5:9 should have required environment variables" type="FAILURE">
<![CDATA[  [chromium] › deployment-validation.spec.ts:5:9 › Deployment Validation Suite › Environment & Configuration › should have required environment variables 

    Error: options.wsEndpoint is required

    attachment #1: trace (application/zip) ─────────────────────────────────────────────────────────
    ../test-results/deployment-validation-Depl-a145f-uired-environment-variables-chromium/trace.zip
    Usage:

        npx playwright show-trace ../test-results/deployment-validation-Depl-a145f-uired-environment-variables-chromium/trace.zip

    ────────────────────────────────────────────────────────────────────────────────────────────────

    Retry #1 ───────────────────────────────────────────────────────────────────────────────────────

    Error: options.wsEndpoint is required

    attachment #1: trace (application/zip) ─────────────────────────────────────────────────────────
    ../test-results/deployment-validation-Depl-a145f-uired-environment-variables-chromium-retry1/trace.zip
    Usage:

        npx playwright show-trace ../test-results/deployment-validation-Depl-a145f-uired-environment-variables-chromium-retry1/trace.zip

    ────────────────────────────────────────────────────────────────────────────────────────────────

    Retry #2 ───────────────────────────────────────────────────────────────────────────────────────

    Error: options.wsEndpoint is required

    attachment #1: trace (application/zip) ─────────────────────────────────────────────────────────
    ../test-results/deployment-validation-Depl-a145f-uired-environment-variables-chromium-retry2/trace.zip
    Usage:

        npx playwright show-trace ../test-results/deployment-validation-Depl-a145f-uired-environment-variables-chromium-retry2/trace.zip

    ────────────────────────────────────────────────────────────────────────────────────────────────

    Retry #3 ───────────────────────────────────────────────────────────────────────────────────────

    Error: options.wsEndpoint is required

    attachment #1: trace (application/zip) ─────────────────────────────────────────────────────────
    ../test-results/deployment-validation-Depl-a145f-uired-environment-variables-chromium-retry3/trace.zip
    Usage:

        npx playwright show-trace ../test-results/deployment-validation-Depl-a145f-uired-environment-variables-chromium-retry3/trace.zip

    ────────────────────────────────────────────────────────────────────────────────────────────────
]]>
</failure>
<system-out>
<![CDATA[
[[ATTACHMENT|deployment-validation-Depl-a145f-uired-environment-variables-chromium/trace.zip]]

[[ATTACHMENT|deployment-validation-Depl-a145f-uired-environment-variables-chromium-retry1/trace.zip]]

[[ATTACHMENT|deployment-validation-Depl-a145f-uired-environment-variables-chromium-retry2/trace.zip]]

[[ATTACHMENT|deployment-validation-Depl-a145f-uired-environment-variables-chromium-retry3/trace.zip]]
]]>
</system-out>
</testcase>
</testsuite>
</testsuites>